{"level":"info","message":"::1 - - [04/Oct/2022:04:15:34 +0000] \"DELETE /users/getusers HTTP/1.1\" 404 45 \"-\" \"PostmanRuntime/7.29.2\"\n","service":"user-service"}
{"level":"info","message":"::1 - - [04/Oct/2022:04:15:41 +0000] \"GET /users/getusers HTTP/1.1\" 200 2 \"-\" \"PostmanRuntime/7.29.2\"\n","service":"user-service"}
{"level":"info","message":"::1 - - [04/Oct/2022:04:18:16 +0000] \"GET /groups/getgroups HTTP/1.1\" 200 54 \"-\" \"PostmanRuntime/7.29.2\"\n","service":"user-service"}
{"level":"info","message":"::1 - - [05/Oct/2022:08:29:49 +0000] \"POST /signin HTTP/1.1\" 500 1403 \"-\" \"PostmanRuntime/7.29.2\"\n","service":"user-service"}
{"level":"info","message":"::1 - - [05/Oct/2022:08:30:25 +0000] \"POST /users/signin HTTP/1.1\" 404 47 \"-\" \"PostmanRuntime/7.29.2\"\n","service":"user-service"}
{"level":"info","message":"::1 - - [05/Oct/2022:08:30:55 +0000] \"GET /users/getusers HTTP/1.1\" 200 2 \"-\" \"PostmanRuntime/7.29.2\"\n","service":"user-service"}
{"level":"info","message":"::1 - - [05/Oct/2022:08:31:09 +0000] \"POST /users/adduser HTTP/1.1\" 400 79 \"-\" \"PostmanRuntime/7.29.2\"\n","service":"user-service"}
{"level":"info","message":"::1 - - [05/Oct/2022:08:31:27 +0000] \"POST /users/adduser HTTP/1.1\" 201 48 \"-\" \"PostmanRuntime/7.29.2\"\n","service":"user-service"}
{"level":"info","message":"::1 - - [05/Oct/2022:08:31:39 +0000] \"GET /users/allusers HTTP/1.1\" 404 49 \"-\" \"PostmanRuntime/7.29.2\"\n","service":"user-service"}
{"level":"info","message":"::1 - - [05/Oct/2022:08:31:44 +0000] \"GET /users/getusers HTTP/1.1\" 200 108 \"-\" \"PostmanRuntime/7.29.2\"\n","service":"user-service"}
{"level":"info","message":"::1 - - [05/Oct/2022:08:32:20 +0000] \"POST /users/signin HTTP/1.1\" 200 106 \"-\" \"PostmanRuntime/7.29.2\"\n","service":"user-service"}
{"level":"info","message":"::1 - - [05/Oct/2022:08:46:39 +0000] \"POST /users/signin HTTP/1.1\" 200 106 \"-\" \"PostmanRuntime/7.29.2\"\n","service":"user-service"}
{"level":"info","message":"::1 - - [05/Oct/2022:08:51:16 +0000] \"POST /users/signin HTTP/1.1\" 200 106 \"-\" \"PostmanRuntime/7.29.2\"\n","service":"user-service"}
{"level":"error","message":"POST [object Object] secretOrPrivateKey must have a value","service":"user-service"}
{"level":"info","message":"::1 - - [05/Oct/2022:09:02:02 +0000] \"POST /users/signin HTTP/1.1\" - - \"-\" \"PostmanRuntime/7.29.2\"\n","service":"user-service"}
{"level":"info","message":"::1 - - [05/Oct/2022:09:04:31 +0000] \"POST /users/signin HTTP/1.1\" 200 276 \"-\" \"PostmanRuntime/7.29.2\"\n","service":"user-service"}
{"level":"info","message":"::1 - - [05/Oct/2022:09:10:57 +0000] \"POST /users/signin HTTP/1.1\" 200 276 \"-\" \"PostmanRuntime/7.29.2\"\n","service":"user-service"}
{"level":"info","message":"::1 - - [05/Oct/2022:09:13:14 +0000] \"POST /users/signin HTTP/1.1\" 200 276 \"-\" \"PostmanRuntime/7.29.2\"\n","service":"user-service"}
{"level":"info","message":"::1 - - [05/Oct/2022:09:13:29 +0000] \"POST /users/getusers HTTP/1.1\" 500 1393 \"-\" \"PostmanRuntime/7.29.2\"\n","service":"user-service"}
{"level":"info","message":"::1 - - [05/Oct/2022:09:13:49 +0000] \"GET /users/getusers HTTP/1.1\" - - \"-\" \"PostmanRuntime/7.29.2\"\n","service":"user-service"}
{"level":"info","message":"::1 - - [05/Oct/2022:09:14:47 +0000] \"GET /users/getusers HTTP/1.1\" 500 1458 \"-\" \"PostmanRuntime/7.29.2\"\n","service":"user-service"}
{"level":"info","message":"::1 - - [05/Oct/2022:09:15:41 +0000] \"GET /users/getusers HTTP/1.1\" 500 1459 \"-\" \"PostmanRuntime/7.29.2\"\n","service":"user-service"}
{"level":"info","message":"::1 - - [05/Oct/2022:09:17:53 +0000] \"GET /users/getusers HTTP/1.1\" - - \"-\" \"PostmanRuntime/7.29.2\"\n","service":"user-service"}
{"level":"info","message":"::1 - - [05/Oct/2022:09:21:00 +0000] \"GET /users/getusers HTTP/1.1\" 500 1498 \"-\" \"PostmanRuntime/7.29.2\"\n","service":"user-service"}
{"level":"info","message":"::1 - - [05/Oct/2022:09:28:08 +0000] \"GET /users/getusers HTTP/1.1\" 401 12 \"-\" \"PostmanRuntime/7.29.2\"\n","service":"user-service"}
{"level":"info","message":"::1 - - [05/Oct/2022:09:30:46 +0000] \"GET /users/getusers HTTP/1.1\" 401 12 \"-\" \"PostmanRuntime/7.29.2\"\n","service":"user-service"}
{"level":"info","message":"::1 - - [05/Oct/2022:09:31:45 +0000] \"GET /users/getusers HTTP/1.1\" 401 12 \"-\" \"PostmanRuntime/7.29.2\"\n","service":"user-service"}
{"level":"info","message":"::1 - - [05/Oct/2022:09:32:17 +0000] \"GET /users/getusers HTTP/1.1\" 401 12 \"-\" \"PostmanRuntime/7.29.2\"\n","service":"user-service"}
{"level":"info","message":"::1 - - [05/Oct/2022:09:35:29 +0000] \"GET /users/getusers HTTP/1.1\" 500 1481 \"-\" \"PostmanRuntime/7.29.2\"\n","service":"user-service"}
{"level":"info","message":"::1 - - [05/Oct/2022:09:37:25 +0000] \"GET /users/getusers HTTP/1.1\" 500 1481 \"-\" \"PostmanRuntime/7.29.2\"\n","service":"user-service"}
{"level":"info","message":"::1 - - [05/Oct/2022:09:42:17 +0000] \"GET /users/getusers HTTP/1.1\" 500 1481 \"-\" \"PostmanRuntime/7.29.2\"\n","service":"user-service"}
{"level":"info","message":"::1 - - [05/Oct/2022:09:43:13 +0000] \"POST /users/signin HTTP/1.1\" 200 276 \"-\" \"PostmanRuntime/7.29.2\"\n","service":"user-service"}
{"level":"info","message":"::1 - - [05/Oct/2022:09:44:33 +0000] \"GET /users/getusers HTTP/1.1\" 200 108 \"-\" \"PostmanRuntime/7.29.2\"\n","service":"user-service"}
{"level":"info","message":"::1 - - [05/Oct/2022:09:47:49 +0000] \"GET /users/getusers HTTP/1.1\" 500 1481 \"-\" \"PostmanRuntime/7.29.2\"\n","service":"user-service"}
{"level":"info","message":"::1 - - [05/Oct/2022:09:50:22 +0000] \"GET /users/getusers HTTP/1.1\" 500 1481 \"-\" \"PostmanRuntime/7.29.2\"\n","service":"user-service"}
{"level":"info","message":"::1 - - [05/Oct/2022:10:03:22 +0000] \"GET /users/getusers HTTP/1.1\" 403 23 \"-\" \"PostmanRuntime/7.29.2\"\n","service":"user-service"}
{"level":"error","message":"Uncaught exception!","service":"user-service"}
{"level":"info","message":"::1 - - [05/Oct/2022:22:20:10 +0000] \"GET /users/getusers HTTP/1.1\" 403 23 \"-\" \"PostmanRuntime/7.29.2\"\n","service":"user-service"}
{"level":"info","message":"::1 - - [05/Oct/2022:22:20:31 +0000] \"GET /users/getusers HTTP/1.1\" 403 23 \"-\" \"PostmanRuntime/7.29.2\"\n","service":"user-service"}
{"level":"info","message":"::1 - - [05/Oct/2022:22:20:52 +0000] \"GET /users/signin HTTP/1.1\" 404 47 \"-\" \"PostmanRuntime/7.29.2\"\n","service":"user-service"}
{"level":"info","message":"::1 - - [05/Oct/2022:22:20:58 +0000] \"POST /users/signin HTTP/1.1\" 200 276 \"-\" \"PostmanRuntime/7.29.2\"\n","service":"user-service"}
{"level":"info","message":"::1 - - [05/Oct/2022:22:21:37 +0000] \"POST /users/signin HTTP/1.1\" 404 48 \"-\" \"PostmanRuntime/7.29.2\"\n","service":"user-service"}
{"level":"error","message":"Uncaught exception!","service":"user-service"}
{"level":"error","message":"Uncaught exception!","service":"user-service"}
{"level":"error","message":"POST [object Object] Cannot read properties of null (reading '0')","service":"user-service"}
{"level":"info","message":"::1 - - [05/Oct/2022:22:35:51 +0000] \"POST /users/signin HTTP/1.1\" - - \"-\" \"PostmanRuntime/7.29.2\"\n","service":"user-service"}
{"level":"error","message":"POST [object Object] Cannot destructure property 'id' of 'user[0]' as it is undefined.","service":"user-service"}
{"level":"info","message":"::1 - - [05/Oct/2022:22:35:57 +0000] \"POST /users/signin HTTP/1.1\" - - \"-\" \"PostmanRuntime/7.29.2\"\n","service":"user-service"}
{"level":"error","message":"Uncaught exception!","service":"user-service"}
{"level":"error","message":"POST [object Object] Cannot destructure property 'id' of 'user[0]' as it is undefined.","service":"user-service"}
{"level":"info","message":"::1 - - [05/Oct/2022:22:36:49 +0000] \"POST /users/signin HTTP/1.1\" - - \"-\" \"PostmanRuntime/7.29.2\"\n","service":"user-service"}
{"level":"error","message":"Uncaught exception!","service":"user-service"}
{"level":"error","message":"Uncaught exception!","service":"user-service"}
{"level":"error","message":"Uncaught exception!","service":"user-service"}
{"level":"error","message":"Uncaught exception!","service":"user-service"}
{"level":"error","message":"Uncaught exception!","service":"user-service"}
{"level":"error","message":"Uncaught exception!","service":"user-service"}
{"level":"error","message":"Uncaught exception!","service":"user-service"}
{"level":"error","message":"Uncaught exception!","service":"user-service"}
{"level":"info","message":"::1 - - [05/Oct/2022:22:40:01 +0000] \"POST /users/signin HTTP/1.1\" 404 47 \"-\" \"PostmanRuntime/7.29.2\"\n","service":"user-service"}
{"level":"info","message":"::1 - - [05/Oct/2022:22:40:03 +0000] \"POST /users/signin HTTP/1.1\" 404 47 \"-\" \"PostmanRuntime/7.29.2\"\n","service":"user-service"}
{"level":"info","message":"::1 - - [05/Oct/2022:22:40:47 +0000] \"GET /users/getusers HTTP/1.1\" 403 23 \"-\" \"PostmanRuntime/7.29.2\"\n","service":"user-service"}
{"level":"info","message":"::1 - - [05/Oct/2022:22:41:11 +0000] \"GET /users/getusers HTTP/1.1\" 403 23 \"-\" \"PostmanRuntime/7.29.2\"\n","service":"user-service"}
{"level":"info","message":"::1 - - [05/Oct/2022:22:43:55 +0000] \"GET /users/getusers HTTP/1.1\" 403 23 \"-\" \"PostmanRuntime/7.29.2\"\n","service":"user-service"}
{"level":"info","message":"::1 - - [05/Oct/2022:22:44:09 +0000] \"POST /users/signin HTTP/1.1\" 404 47 \"-\" \"PostmanRuntime/7.29.2\"\n","service":"user-service"}
{"level":"info","message":"::1 - - [05/Oct/2022:22:45:06 +0000] \"POST /users/signin HTTP/1.1\" 200 276 \"-\" \"PostmanRuntime/7.29.2\"\n","service":"user-service"}
{"level":"info","message":"::1 - - [05/Oct/2022:22:50:01 +0000] \"POST /users/signin HTTP/1.1\" 200 276 \"-\" \"PostmanRuntime/7.29.2\"\n","service":"user-service"}
{"level":"info","message":"::1 - - [05/Oct/2022:22:56:37 +0000] \"POST /users/signin HTTP/1.1\" 200 276 \"-\" \"PostmanRuntime/7.29.2\"\n","service":"user-service"}
{"level":"info","message":"::1 - - [05/Oct/2022:23:05:55 +0000] \"POST /users/signin HTTP/1.1\" 200 276 \"-\" \"PostmanRuntime/7.29.2\"\n","service":"user-service"}
{"level":"info","message":"::1 - - [05/Oct/2022:23:10:43 +0000] \"POST /users/signin HTTP/1.1\" - - \"-\" \"PostmanRuntime/7.29.2\"\n","service":"user-service"}
{"level":"info","message":"::1 - - [05/Oct/2022:23:12:06 +0000] \"POST /users/signin HTTP/1.1\" - - \"-\" \"PostmanRuntime/7.29.2\"\n","service":"user-service"}
{"level":"error","message":"POST [object Object] Cannot set headers after they are sent to the client","service":"user-service"}
{"level":"info","message":"::1 - - [05/Oct/2022:23:14:27 +0000] \"POST /users/signin HTTP/1.1\" 200 35 \"-\" \"PostmanRuntime/7.29.2\"\n","service":"user-service"}
{"level":"info","message":"::1 - - [05/Oct/2022:23:15:22 +0000] \"POST /users/signin HTTP/1.1\" 200 276 \"-\" \"PostmanRuntime/7.29.2\"\n","service":"user-service"}
{"level":"info","message":"::1 - - [05/Oct/2022:23:20:57 +0000] \"POST /users/signin HTTP/1.1\" 200 276 \"-\" \"PostmanRuntime/7.29.2\"\n","service":"user-service"}
{"level":"error","message":"POST [object Object] Cannot set headers after they are sent to the client","service":"user-service"}
{"level":"info","message":"::1 - - [05/Oct/2022:23:21:02 +0000] \"POST /users/signin HTTP/1.1\" 200 35 \"-\" \"PostmanRuntime/7.29.2\"\n","service":"user-service"}
{"level":"error","message":"POST [object Object] Cannot read properties of null (reading 'password')","service":"user-service"}
{"level":"info","message":"::1 - - [05/Oct/2022:23:21:14 +0000] \"POST /users/signin HTTP/1.1\" - - \"-\" \"PostmanRuntime/7.29.2\"\n","service":"user-service"}
{"level":"error","message":"POST [object Object] Cannot set headers after they are sent to the client","service":"user-service"}
{"level":"info","message":"::1 - - [05/Oct/2022:23:21:18 +0000] \"POST /users/signin HTTP/1.1\" 200 35 \"-\" \"PostmanRuntime/7.29.2\"\n","service":"user-service"}
{"level":"info","message":"::1 - - [05/Oct/2022:23:21:24 +0000] \"POST /users/signin HTTP/1.1\" 200 276 \"-\" \"PostmanRuntime/7.29.2\"\n","service":"user-service"}
{"level":"error","message":"POST [object Object] Cannot read properties of null (reading 'password')","service":"user-service"}
{"level":"info","message":"::1 - - [05/Oct/2022:23:21:31 +0000] \"POST /users/signin HTTP/1.1\" - - \"-\" \"PostmanRuntime/7.29.2\"\n","service":"user-service"}
{"level":"error","message":"POST [object Object] Cannot read properties of null (reading 'password')","service":"user-service"}
{"level":"info","message":"::1 - - [05/Oct/2022:23:23:56 +0000] \"POST /users/signin HTTP/1.1\" - - \"-\" \"PostmanRuntime/7.29.2\"\n","service":"user-service"}
{"level":"info","message":"::1 - - [05/Oct/2022:23:25:15 +0000] \"POST /users/signin HTTP/1.1\" 404 48 \"-\" \"PostmanRuntime/7.29.2\"\n","service":"user-service"}
{"level":"info","message":"::1 - - [05/Oct/2022:23:25:25 +0000] \"POST /users/signin HTTP/1.1\" 200 276 \"-\" \"PostmanRuntime/7.29.2\"\n","service":"user-service"}
{"level":"error","message":"POST [object Object] Cannot set headers after they are sent to the client","service":"user-service"}
{"level":"info","message":"::1 - - [05/Oct/2022:23:25:29 +0000] \"POST /users/signin HTTP/1.1\" 200 35 \"-\" \"PostmanRuntime/7.29.2\"\n","service":"user-service"}
{"level":"error","message":"POST [object Object] Cannot set headers after they are sent to the client","service":"user-service"}
{"level":"info","message":"::1 - - [05/Oct/2022:23:28:56 +0000] \"POST /users/signin HTTP/1.1\" 200 35 \"-\" \"PostmanRuntime/7.29.2\"\n","service":"user-service"}
{"level":"info","message":"::1 - - [05/Oct/2022:23:28:59 +0000] \"POST /users/signin HTTP/1.1\" 200 276 \"-\" \"PostmanRuntime/7.29.2\"\n","service":"user-service"}
{"level":"info","message":"::1 - - [06/Oct/2022:03:37:56 +0000] \"GET / HTTP/1.1\" 200 19 \"-\" \"PostmanRuntime/7.29.2\"\n","service":"user-service"}
{"level":"info","message":"::1 - - [06/Oct/2022:03:54:03 +0000] \"GET /users/getusers HTTP/1.1\" 403 23 \"-\" \"PostmanRuntime/7.29.2\"\n","service":"user-service"}
{"level":"info","message":"::1 - - [06/Oct/2022:03:54:58 +0000] \"POST /users/signin HTTP/1.1\" 200 276 \"-\" \"PostmanRuntime/7.29.2\"\n","service":"user-service"}
{"level":"error","message":"GET [object Object] error occured","service":"user-service"}
{"level":"info","message":"::1 - - [06/Oct/2022:03:55:16 +0000] \"GET /users/getusers HTTP/1.1\" 503 27 \"-\" \"PostmanRuntime/7.29.2\"\n","service":"user-service"}
{"level":"info","message":"::1 - - [06/Oct/2022:04:05:52 +0000] \"GET /users/getusers HTTP/1.1\" 200 108 \"-\" \"PostmanRuntime/7.29.2\"\n","service":"user-service"}
{"level":"info","message":"::1 - - [06/Oct/2022:04:06:06 +0000] \"GET /users/ccaa8b69-d82a-4fa9-a990-b0da66e54d4e HTTP/1.1\" 200 106 \"-\" \"PostmanRuntime/7.29.2\"\n","service":"user-service"}
{"level":"info","message":"::1 - - [06/Oct/2022:04:06:10 +0000] \"DELETE /users/ccaa8b69-d82a-4fa9-a990-b0da66e54d4e HTTP/1.1\" 204 - \"-\" \"PostmanRuntime/7.29.2\"\n","service":"user-service"}
{"level":"info","message":"::1 - - [06/Oct/2022:04:06:42 +0000] \"GET /users/ccaa8b69-d82a-4fa9-a990-b0da66e54d4e HTTP/1.1\" 404 77 \"-\" \"PostmanRuntime/7.29.2\"\n","service":"user-service"}
{"level":"info","message":"::1 - - [06/Oct/2022:04:06:52 +0000] \"DELETE /users/ccaa8b69-d82a-4fa9-a990-b0da66e54d4e HTTP/1.1\" 404 73 \"-\" \"PostmanRuntime/7.29.2\"\n","service":"user-service"}
{"level":"info","message":"::1 - - [06/Oct/2022:04:08:21 +0000] \"POST /users/adduser HTTP/1.1\" 400 79 \"-\" \"PostmanRuntime/7.29.2\"\n","service":"user-service"}
{"level":"info","message":"::1 - - [06/Oct/2022:04:08:40 +0000] \"POST /users/adduser HTTP/1.1\" 201 48 \"-\" \"PostmanRuntime/7.29.2\"\n","service":"user-service"}
{"level":"info","message":"::1 - - [06/Oct/2022:04:08:47 +0000] \"GET /users/allusers HTTP/1.1\" 404 49 \"-\" \"PostmanRuntime/7.29.2\"\n","service":"user-service"}
{"level":"info","message":"::1 - - [06/Oct/2022:04:08:50 +0000] \"GET /users/getusers HTTP/1.1\" 200 108 \"-\" \"PostmanRuntime/7.29.2\"\n","service":"user-service"}
{"level":"info","message":"::1 - - [06/Oct/2022:04:09:01 +0000] \"DELETE /users/0983ffcd-fcf5-4bb7-9e8b-602a3304ef38 HTTP/1.1\" 204 - \"-\" \"PostmanRuntime/7.29.2\"\n","service":"user-service"}
{"level":"info","message":"::1 - - [06/Oct/2022:04:10:58 +0000] \"POST /users/adduser HTTP/1.1\" 201 48 \"-\" \"PostmanRuntime/7.29.2\"\n","service":"user-service"}
{"level":"info","message":"::1 - - [06/Oct/2022:04:11:08 +0000] \"GET /users/getusers HTTP/1.1\" 200 108 \"-\" \"PostmanRuntime/7.29.2\"\n","service":"user-service"}
{"level":"info","message":"::1 - - [06/Oct/2022:04:11:19 +0000] \"DELETE /users/9f366c36-9e6a-4015-96a4-c609ae8d20c6 HTTP/1.1\" 204 - \"-\" \"PostmanRuntime/7.29.2\"\n","service":"user-service"}
{"level":"info","message":"::1 - - [06/Oct/2022:04:32:21 +0000] \"GET /users/getusers HTTP/1.1\" 200 2 \"-\" \"PostmanRuntime/7.29.2\"\n","service":"user-service"}
{"level":"info","message":"::1 - - [06/Oct/2022:04:32:28 +0000] \"POST /users/adduser HTTP/1.1\" 201 48 \"-\" \"PostmanRuntime/7.29.2\"\n","service":"user-service"}
{"level":"info","message":"::1 - - [06/Oct/2022:04:32:35 +0000] \"GET /users/getusers HTTP/1.1\" 200 108 \"-\" \"PostmanRuntime/7.29.2\"\n","service":"user-service"}
{"level":"info","message":"::1 - - [06/Oct/2022:04:32:53 +0000] \"PATCH /users/137093b0-b39b-4135-aa8d-88510e93c7dd HTTP/1.1\" 200 72 \"-\" \"PostmanRuntime/7.29.2\"\n","service":"user-service"}
{"level":"info","message":"::1 - - [06/Oct/2022:04:32:58 +0000] \"GET /users/137093b0-b39b-4135-aa8d-88510e93c7dd HTTP/1.1\" 200 107 \"-\" \"PostmanRuntime/7.29.2\"\n","service":"user-service"}
{"level":"info","message":"::1 - - [06/Oct/2022:04:33:12 +0000] \"DELETE /users/137093b0-b39b-4135-aa8d-88510e93c7dd HTTP/1.1\" 204 - \"-\" \"PostmanRuntime/7.29.2\"\n","service":"user-service"}
{"level":"info","message":"::1 - - [07/Oct/2022:08:29:55 +0000] \"GET /users/getusers HTTP/1.1\" 200 2 \"-\" \"PostmanRuntime/7.29.2\"\n","service":"user-service"}
{"level":"info","message":"::1 - - [07/Oct/2022:08:30:04 +0000] \"GET /groups HTTP/1.1\" 500 1393 \"-\" \"PostmanRuntime/7.29.2\"\n","service":"user-service"}
{"level":"info","message":"::1 - - [07/Oct/2022:08:30:09 +0000] \"GET /groups/getgroups HTTP/1.1\" 200 54 \"-\" \"PostmanRuntime/7.29.2\"\n","service":"user-service"}
{"level":"info","message":"::1 - - [07/Oct/2022:08:30:48 +0000] \"POST /groups/1 HTTP/1.1\" 500 1393 \"-\" \"PostmanRuntime/7.29.2\"\n","service":"user-service"}
{"level":"info","message":"::1 - - [07/Oct/2022:08:30:58 +0000] \"GET /groups/getgroups HTTP/1.1\" 200 54 \"-\" \"PostmanRuntime/7.29.2\"\n","service":"user-service"}
{"level":"info","message":"::1 - - [07/Oct/2022:08:31:09 +0000] \"GET /groups/1 HTTP/1.1\" 200 52 \"-\" \"PostmanRuntime/7.29.2\"\n","service":"user-service"}
{"level":"info","message":"::1 - - [07/Oct/2022:08:31:19 +0000] \"DELETE /groups/1 HTTP/1.1\" 204 - \"-\" \"PostmanRuntime/7.29.2\"\n","service":"user-service"}
{"level":"info","message":"::1 - - [07/Oct/2022:08:31:47 +0000] \"GET /groups/getgroups HTTP/1.1\" 404 32 \"-\" \"PostmanRuntime/7.29.2\"\n","service":"user-service"}
{"level":"info","message":"::1 - - [07/Oct/2022:08:32:21 +0000] \"POST /groups/addgroup HTTP/1.1\" 201 86 \"-\" \"PostmanRuntime/7.29.2\"\n","service":"user-service"}
{"level":"info","message":"::1 - - [07/Oct/2022:08:33:35 +0000] \"POST /users/users-to-group HTTP/1.1\" 400 94 \"-\" \"PostmanRuntime/7.29.2\"\n","service":"user-service"}
{"level":"info","message":"::1 - - [07/Oct/2022:08:33:59 +0000] \"GET /users/getusers HTTP/1.1\" 200 2 \"-\" \"PostmanRuntime/7.29.2\"\n","service":"user-service"}
{"level":"info","message":"::1 - - [07/Oct/2022:08:34:40 +0000] \"POST /users/adduser HTTP/1.1\" 201 49 \"-\" \"PostmanRuntime/7.29.2\"\n","service":"user-service"}
{"level":"info","message":"::1 - - [07/Oct/2022:08:34:52 +0000] \"GET /users/getusers HTTP/1.1\" 200 109 \"-\" \"PostmanRuntime/7.29.2\"\n","service":"user-service"}
{"level":"info","message":"::1 - - [07/Oct/2022:08:35:53 +0000] \"POST /users/users-to-group HTTP/1.1\" 400 153 \"-\" \"PostmanRuntime/7.29.2\"\n","service":"user-service"}
{"level":"info","message":"::1 - - [07/Oct/2022:08:36:26 +0000] \"POST /users/users-to-group HTTP/1.1\" 204 - \"-\" \"PostmanRuntime/7.29.2\"\n","service":"user-service"}
{"level":"error","message":"POST [object Object] SequelizeForeignKeyConstraintError: insert or update on table \"groups-user\" violates foreign key constraint \"userId\"","service":"user-service"}
{"level":"info","message":"::1 - - [07/Oct/2022:08:41:20 +0000] \"POST /users/users-to-group HTTP/1.1\" 503 134 \"-\" \"PostmanRuntime/7.29.2\"\n","service":"user-service"}
{"level":"info","message":"::1 - - [07/Oct/2022:08:41:39 +0000] \"POST /users/users-to-group HTTP/1.1\" 204 - \"-\" \"PostmanRuntime/7.29.2\"\n","service":"user-service"}
{"level":"info","message":"::1 - - [07/Oct/2022:08:42:12 +0000] \"POST /users/users-to-group HTTP/1.1\" 204 - \"-\" \"PostmanRuntime/7.29.2\"\n","service":"user-service"}
{"level":"info","message":"::1 - - [07/Oct/2022:08:43:57 +0000] \"POST /users/users-to-group HTTP/1.1\" 204 - \"-\" \"PostmanRuntime/7.29.2\"\n","service":"user-service"}
{"level":"info","message":"::1 - - [08/Oct/2022:14:50:59 +0000] \"GET /users/getusers HTTP/1.1\" 200 109 \"-\" \"PostmanRuntime/7.29.2\"\n","service":"user-service"}
{"level":"info","message":"::1 - - [08/Oct/2022:14:51:11 +0000] \"GET /users/getusers HTTP/1.1\" 200 109 \"-\" \"PostmanRuntime/7.29.2\"\n","service":"user-service"}
{"level":"info","message":"::1 - - [08/Oct/2022:14:51:12 +0000] \"GET /users/getusers HTTP/1.1\" 200 109 \"-\" \"PostmanRuntime/7.29.2\"\n","service":"user-service"}
{"level":"info","message":"::1 - - [08/Oct/2022:14:51:55 +0000] \"GET /users/getusers HTTP/1.1\" 200 109 \"-\" \"PostmanRuntime/7.29.2\"\n","service":"user-service"}
{"level":"info","message":"::1 - - [08/Oct/2022:14:53:09 +0000] \"GET /users HTTP/1.1\" 500 1393 \"-\" \"Mozilla/5.0 (Macintosh; Intel Mac OS X 10_15_7) AppleWebKit/537.36 (KHTML, like Gecko) Chrome/105.0.0.0 Safari/537.36\"\n","service":"user-service"}
{"level":"info","message":"::1 - - [08/Oct/2022:14:55:51 +0000] \"GET /users HTTP/1.1\" 500 1393 \"-\" \"Mozilla/5.0 (Macintosh; Intel Mac OS X 10_15_7) AppleWebKit/537.36 (KHTML, like Gecko) Chrome/105.0.0.0 Safari/537.36\"\n","service":"user-service"}
{"level":"info","message":"::1 - - [08/Oct/2022:14:55:51 +0000] \"GET /users HTTP/1.1\" 500 1393 \"-\" \"Mozilla/5.0 (Macintosh; Intel Mac OS X 10_15_7) AppleWebKit/537.36 (KHTML, like Gecko) Chrome/105.0.0.0 Safari/537.36\"\n","service":"user-service"}
{"level":"info","message":"::1 - - [08/Oct/2022:14:55:52 +0000] \"GET /users HTTP/1.1\" 500 1393 \"-\" \"Mozilla/5.0 (Macintosh; Intel Mac OS X 10_15_7) AppleWebKit/537.36 (KHTML, like Gecko) Chrome/105.0.0.0 Safari/537.36\"\n","service":"user-service"}
{"level":"info","message":"::1 - - [08/Oct/2022:14:55:53 +0000] \"GET /users HTTP/1.1\" 500 1393 \"-\" \"Mozilla/5.0 (Macintosh; Intel Mac OS X 10_15_7) AppleWebKit/537.36 (KHTML, like Gecko) Chrome/105.0.0.0 Safari/537.36\"\n","service":"user-service"}
{"level":"info","message":"::1 - - [08/Oct/2022:14:59:48 +0000] \"GET /users/getusers HTTP/1.1\" 200 109 \"-\" \"PostmanRuntime/7.29.2\"\n","service":"user-service"}
{"level":"info","message":"::1 - - [08/Oct/2022:15:00:04 +0000] \"GET /groups/getgroups HTTP/1.1\" 200 88 \"-\" \"PostmanRuntime/7.29.2\"\n","service":"user-service"}
{"level":"info","message":"::1 - - [08/Oct/2022:23:07:59 +0000] \"GET /groups/getgroups HTTP/1.1\" 200 88 \"-\" \"PostmanRuntime/7.29.2\"\n","service":"user-service"}
{"level":"info","message":"::1 - - [08/Oct/2022:23:08:11 +0000] \"GET /users/getusers HTTP/1.1\" 200 109 \"-\" \"PostmanRuntime/7.29.2\"\n","service":"user-service"}
